[debug] [2021-08-25T16:32:53.880Z] ----------------------------------------------------------------------
[debug] [2021-08-25T16:32:53.889Z] Command:       C:\Program Files\nodejs\node.exe C:\Users\Jaspal Singh\AppData\Roaming\npm\node_modules\firebase-tools\lib\bin\firebase.js emulators:start
[debug] [2021-08-25T16:32:53.891Z] CLI Version:   9.16.0
[debug] [2021-08-25T16:32:53.891Z] Platform:      win32
[debug] [2021-08-25T16:32:53.891Z] Node Version:  v14.17.3
[debug] [2021-08-25T16:32:53.894Z] Time:          Wed Aug 25 2021 22:02:53 GMT+0530 (India Standard Time)
[debug] [2021-08-25T16:32:53.895Z] ----------------------------------------------------------------------
[debug] 
[debug] [2021-08-25T16:32:53.964Z] >>> [apiv2][query] GET https://firebase-public.firebaseio.com/cli.json [none]
[debug] [2021-08-25T16:32:54.300Z] > command requires scopes: ["email","openid","https://www.googleapis.com/auth/cloudplatformprojects.readonly","https://www.googleapis.com/auth/firebase","https://www.googleapis.com/auth/cloud-platform"]
[debug] [2021-08-25T16:32:54.301Z] > authorizing via signed-in user (khalsajaspalsingh6@gmail.com)
[info] i  emulators: Starting emulators: functions, hosting {"metadata":{"emulator":{"name":"hub"},"message":"Starting emulators: functions, hosting"}}
[debug] [2021-08-25T16:32:54.476Z] [hub] writing locator at C:\Users\JASPAL~1\AppData\Local\Temp\hub-challenge-c1516.json
[warn] !  functions: The following emulators are not running, calls to these services from the Functions emulator will affect production: auth, firestore, database, pubsub, storage {"metadata":{"emulator":{"name":"functions"},"message":"The following emulators are not running, calls to these services from the Functions emulator will affect production: \u001b[1mauth, firestore, database, pubsub, storage\u001b[22m"}}
[info] +  functions: Using node@14 from host. {"metadata":{"emulator":{"name":"functions"},"message":"Using node@14 from host."}}
[debug] [2021-08-25T16:32:54.705Z] defaultcredentials: writing to file C:\Users\Jaspal Singh\AppData\Roaming\firebase\khalsajaspalsingh6_gmail_com_application_default_credentials.json
[debug] [2021-08-25T16:32:54.738Z] Setting GAC to C:\Users\Jaspal Singh\AppData\Roaming\firebase\khalsajaspalsingh6_gmail_com_application_default_credentials.json {"metadata":{"emulator":{"name":"functions"},"message":"Setting GAC to C:\\Users\\Jaspal Singh\\AppData\\Roaming\\firebase\\khalsajaspalsingh6_gmail_com_application_default_credentials.json"}}
[debug] [2021-08-25T16:32:54.741Z] > refreshing access token with scopes: []
[debug] [2021-08-25T16:32:54.742Z] >>> HTTP REQUEST POST https://www.googleapis.com/oauth2/v3/token  
 <request body omitted>
[debug] [2021-08-25T16:32:54.962Z] <<< HTTP RESPONSE 200 {"cache-control":"no-cache, no-store, max-age=0, must-revalidate","date":"Wed, 25 Aug 2021 16:32:56 GMT","pragma":"no-cache","expires":"Mon, 01 Jan 1990 00:00:00 GMT","content-type":"application/json; charset=utf-8","vary":"X-Origin, Referer, Origin,Accept-Encoding","server":"scaffolding on HTTPServer2","x-xss-protection":"0","x-frame-options":"SAMEORIGIN","x-content-type-options":"nosniff","alt-svc":"h3=\":443\"; ma=2592000,h3-29=\":443\"; ma=2592000,h3-T051=\":443\"; ma=2592000,h3-Q050=\":443\"; ma=2592000,h3-Q046=\":443\"; ma=2592000,h3-Q043=\":443\"; ma=2592000,quic=\":443\"; ma=2592000; v=\"46,43\"","accept-ranges":"none","transfer-encoding":"chunked"}
[debug] [2021-08-25T16:32:55.205Z] >>> [apiv2][query] GET https://firebase.googleapis.com/v1beta1/projects/challenge-c1516/adminSdkConfig [none]
[debug] [2021-08-25T16:32:55.504Z] <<< [apiv2][status] GET https://firebase-public.firebaseio.com/cli.json 200
[debug] [2021-08-25T16:32:55.505Z] <<< [apiv2][body] GET https://firebase-public.firebaseio.com/cli.json {"cloudBuildErrorAfter":1594252800000,"cloudBuildWarnAfter":1590019200000,"defaultNode10After":1594252800000,"minVersion":"3.0.5","node8DeploysDisabledAfter":1613390400000,"node8RuntimeDisabledAfter":1615809600000,"node8WarnAfter":1600128000000}
[debug] [2021-08-25T16:32:55.849Z] <<< [apiv2][status] GET https://firebase.googleapis.com/v1beta1/projects/challenge-c1516/adminSdkConfig 200
[debug] [2021-08-25T16:32:55.849Z] <<< [apiv2][body] GET https://firebase.googleapis.com/v1beta1/projects/challenge-c1516/adminSdkConfig {"projectId":"challenge-c1516","storageBucket":"challenge-c1516.appspot.com","locationId":"us-central"}
[debug] [2021-08-25T16:32:55.942Z] >>> [apiv2][query] GET https://firebasehosting.googleapis.com/v1beta1/projects/challenge-c1516/sites 
[debug] [2021-08-25T16:32:57.848Z] <<< [apiv2][status] GET https://firebasehosting.googleapis.com/v1beta1/projects/challenge-c1516/sites 200
[debug] [2021-08-25T16:32:57.848Z] <<< [apiv2][body] GET https://firebasehosting.googleapis.com/v1beta1/projects/challenge-c1516/sites {"sites":[{"name":"projects/828516393136/sites/challenge-c1516","defaultUrl":"https://challenge-c1516.web.app","appId":"1:828516393136:web:4594cafe30102e3ef1db75","type":"DEFAULT_SITE"}]}
[debug] [2021-08-25T16:32:57.849Z] >>> [apiv2][query] GET https://firebase.googleapis.com/v1beta1/projects/challenge-c1516/webApps/1:828516393136:web:4594cafe30102e3ef1db75/config [none]
[debug] [2021-08-25T16:32:59.370Z] <<< [apiv2][status] GET https://firebase.googleapis.com/v1beta1/projects/challenge-c1516/webApps/1:828516393136:web:4594cafe30102e3ef1db75/config 200
[debug] [2021-08-25T16:32:59.371Z] <<< [apiv2][body] GET https://firebase.googleapis.com/v1beta1/projects/challenge-c1516/webApps/1:828516393136:web:4594cafe30102e3ef1db75/config {"projectId":"challenge-c1516","appId":"1:828516393136:web:4594cafe30102e3ef1db75","storageBucket":"challenge-c1516.appspot.com","locationId":"us-central","apiKey":"AIzaSyBzUGUl0F5zg6uSBrgzUKayDs9AQt6yIEA","authDomain":"challenge-c1516.firebaseapp.com","messagingSenderId":"828516393136","measurementId":"G-QG5L57BW42"}
[info] i  hosting: Serving hosting files from: build {"metadata":{"emulator":{"name":"hosting"},"message":"Serving hosting files from: \u001b[1mbuild\u001b[22m"}}
[info] +  hosting: Local server: http://localhost:5000 {"metadata":{"emulator":{"name":"hosting"},"message":"Local server: \u001b[4m\u001b[1mhttp://localhost:5000\u001b[22m\u001b[24m"}}
[debug] [2021-08-25T16:33:00.465Z] Ignoring unsupported arg: auto_download {"metadata":{"emulator":{"name":"ui"},"message":"Ignoring unsupported arg: auto_download"}}
[debug] [2021-08-25T16:33:00.467Z] Ignoring unsupported arg: port {"metadata":{"emulator":{"name":"ui"},"message":"Ignoring unsupported arg: port"}}
[debug] [2021-08-25T16:33:00.467Z] Starting Emulator UI with command {"binary":"node","args":["C:\\Users\\Jaspal Singh\\.cache\\firebase\\emulators\\ui-v1.6.0\\server.bundle.js"],"optionalArgs":[],"joinArgs":false} {"metadata":{"emulator":{"name":"ui"},"message":"Starting Emulator UI with command {\"binary\":\"node\",\"args\":[\"C:\\\\Users\\\\Jaspal Singh\\\\.cache\\\\firebase\\\\emulators\\\\ui-v1.6.0\\\\server.bundle.js\"],\"optionalArgs\":[],\"joinArgs\":false}"}}
[info] i  ui: Emulator UI logging to ui-debug.log {"metadata":{"emulator":{"name":"ui"},"message":"Emulator UI logging to \u001b[1mui-debug.log\u001b[22m"}}
[debug] [2021-08-25T16:33:00.727Z] Web / API server started at localhost:4000
 {"metadata":{"emulator":{"name":"ui"},"message":"Web / API server started at localhost:4000\n"}}
[info] i  functions: Watching "D:\reactchallenge\amazon-clone\amazon-clone\functions" for Cloud Functions... {"metadata":{"emulator":{"name":"functions"},"message":"Watching \"D:\\reactchallenge\\amazon-clone\\amazon-clone\\functions\" for Cloud Functions..."}}
[debug] [2021-08-25T16:33:00.850Z] [worker-pool] addWorker(~diagnostic~) {"metadata":{"emulator":{"name":"functions"},"message":"[worker-pool] addWorker(~diagnostic~)"}}
[debug] [2021-08-25T16:33:00.850Z] [worker-pool] Adding worker with key ~diagnostic~, total=1 {"metadata":{"emulator":{"name":"functions"},"message":"[worker-pool] Adding worker with key ~diagnostic~, total=1"}}
[debug] [2021-08-25T16:33:00.850Z] [worker-pool] submitWork(triggerId=) {"metadata":{"emulator":{"name":"functions"},"message":"[worker-pool] submitWork(triggerId=)"}}
[debug] [2021-08-25T16:33:00.851Z] [worker-~diagnostic~-e59df1a5-dd68-4f65-8136-fd107ae055ba]: Assigning socketPath: \\?\pipe\D:\reactchallenge\amazon-clone\amazon-clone\functions\12892 {"metadata":{"emulator":{"name":"functions"},"message":"[worker-~diagnostic~-e59df1a5-dd68-4f65-8136-fd107ae055ba]: Assigning socketPath: \\\\?\\pipe\\D:\\reactchallenge\\amazon-clone\\amazon-clone\\functions\\12892"}}
[debug] [2021-08-25T16:33:00.852Z] [worker-~diagnostic~-e59df1a5-dd68-4f65-8136-fd107ae055ba]: BUSY {"metadata":{"emulator":{"name":"functions"},"message":"[worker-~diagnostic~-e59df1a5-dd68-4f65-8136-fd107ae055ba]: BUSY"}}
[debug] [2021-08-25T16:33:01.233Z] [runtime-status] [12892] Functions runtime initialized. {"cwd":"D:\\reactchallenge\\amazon-clone\\amazon-clone\\functions","node_version":"14.17.3"} {"metadata":{"emulator":{"name":"functions"},"message":"[runtime-status] [12892] Functions runtime initialized. {\"cwd\":\"D:\\\\reactchallenge\\\\amazon-clone\\\\amazon-clone\\\\functions\",\"node_version\":\"14.17.3\"}"}}
[debug] [2021-08-25T16:33:01.235Z] [runtime-status] [12892] Disabled runtime features: undefined {"metadata":{"emulator":{"name":"functions"},"message":"[runtime-status] [12892] Disabled runtime features: undefined"}}
[debug] [2021-08-25T16:33:01.299Z] [runtime-status] [12892] Resolved module firebase-admin {"declared":true,"installed":true,"version":"9.11.0","resolution":"D:\\reactchallenge\\amazon-clone\\amazon-clone\\functions\\node_modules\\firebase-admin\\lib\\index.js"} {"metadata":{"emulator":{"name":"functions"},"message":"[runtime-status] [12892] Resolved module firebase-admin {\"declared\":true,\"installed\":true,\"version\":\"9.11.0\",\"resolution\":\"D:\\\\reactchallenge\\\\amazon-clone\\\\amazon-clone\\\\functions\\\\node_modules\\\\firebase-admin\\\\lib\\\\index.js\"}"}}
[debug] [2021-08-25T16:33:01.359Z] [runtime-status] [12892] Resolved module firebase-functions {"declared":true,"installed":true,"version":"3.14.1","resolution":"D:\\reactchallenge\\amazon-clone\\amazon-clone\\functions\\node_modules\\firebase-functions\\lib\\index.js"} {"metadata":{"emulator":{"name":"functions"},"message":"[runtime-status] [12892] Resolved module firebase-functions {\"declared\":true,\"installed\":true,\"version\":\"3.14.1\",\"resolution\":\"D:\\\\reactchallenge\\\\amazon-clone\\\\amazon-clone\\\\functions\\\\node_modules\\\\firebase-functions\\\\lib\\\\index.js\"}"}}
[debug] [2021-08-25T16:33:01.368Z] [runtime-status] [12892] Resolved module firebase-functions {"declared":true,"installed":true,"version":"3.14.1","resolution":"D:\\reactchallenge\\amazon-clone\\amazon-clone\\functions\\node_modules\\firebase-functions\\lib\\index.js"} {"metadata":{"emulator":{"name":"functions"},"message":"[runtime-status] [12892] Resolved module firebase-functions {\"declared\":true,\"installed\":true,\"version\":\"3.14.1\",\"resolution\":\"D:\\\\reactchallenge\\\\amazon-clone\\\\amazon-clone\\\\functions\\\\node_modules\\\\firebase-functions\\\\lib\\\\index.js\"}"}}
[debug] [2021-08-25T16:33:01.378Z] [runtime-status] [12892] Outgoing network have been stubbed. [{"name":"http","status":"mocked"},{"name":"http","status":"mocked"},{"name":"https","status":"mocked"},{"name":"https","status":"mocked"},{"name":"net","status":"mocked"}] {"metadata":{"emulator":{"name":"functions"},"message":"[runtime-status] [12892] Outgoing network have been stubbed. [{\"name\":\"http\",\"status\":\"mocked\"},{\"name\":\"http\",\"status\":\"mocked\"},{\"name\":\"https\",\"status\":\"mocked\"},{\"name\":\"https\",\"status\":\"mocked\"},{\"name\":\"net\",\"status\":\"mocked\"}]"}}
[debug] [2021-08-25T16:33:01.380Z] [runtime-status] [12892] Resolved module firebase-functions {"declared":true,"installed":true,"version":"3.14.1","resolution":"D:\\reactchallenge\\amazon-clone\\amazon-clone\\functions\\node_modules\\firebase-functions\\lib\\index.js"} {"metadata":{"emulator":{"name":"functions"},"message":"[runtime-status] [12892] Resolved module firebase-functions {\"declared\":true,\"installed\":true,\"version\":\"3.14.1\",\"resolution\":\"D:\\\\reactchallenge\\\\amazon-clone\\\\amazon-clone\\\\functions\\\\node_modules\\\\firebase-functions\\\\lib\\\\index.js\"}"}}
[debug] [2021-08-25T16:33:05.129Z] [runtime-status] [12892] Checked functions.config() {"config":{}} {"metadata":{"emulator":{"name":"functions"},"message":"[runtime-status] [12892] Checked functions.config() {\"config\":{}}"}}
[debug] [2021-08-25T16:33:05.131Z] [runtime-status] [12892] firebase-functions has been stubbed. {"functionsResolution":{"declared":true,"installed":true,"version":"3.14.1","resolution":"D:\\reactchallenge\\amazon-clone\\amazon-clone\\functions\\node_modules\\firebase-functions\\lib\\index.js"}} {"metadata":{"emulator":{"name":"functions"},"message":"[runtime-status] [12892] firebase-functions has been stubbed. {\"functionsResolution\":{\"declared\":true,\"installed\":true,\"version\":\"3.14.1\",\"resolution\":\"D:\\\\reactchallenge\\\\amazon-clone\\\\amazon-clone\\\\functions\\\\node_modules\\\\firebase-functions\\\\lib\\\\index.js\"}}"}}
[debug] [2021-08-25T16:33:05.133Z] [runtime-status] [12892] Resolved module firebase-functions {"declared":true,"installed":true,"version":"3.14.1","resolution":"D:\\reactchallenge\\amazon-clone\\amazon-clone\\functions\\node_modules\\firebase-functions\\lib\\index.js"} {"metadata":{"emulator":{"name":"functions"},"message":"[runtime-status] [12892] Resolved module firebase-functions {\"declared\":true,\"installed\":true,\"version\":\"3.14.1\",\"resolution\":\"D:\\\\reactchallenge\\\\amazon-clone\\\\amazon-clone\\\\functions\\\\node_modules\\\\firebase-functions\\\\lib\\\\index.js\"}"}}
[debug] [2021-08-25T16:33:05.139Z] [runtime-status] [12892] Resolved module firebase-admin {"declared":true,"installed":true,"version":"9.11.0","resolution":"D:\\reactchallenge\\amazon-clone\\amazon-clone\\functions\\node_modules\\firebase-admin\\lib\\index.js"} {"metadata":{"emulator":{"name":"functions"},"message":"[runtime-status] [12892] Resolved module firebase-admin {\"declared\":true,\"installed\":true,\"version\":\"9.11.0\",\"resolution\":\"D:\\\\reactchallenge\\\\amazon-clone\\\\amazon-clone\\\\functions\\\\node_modules\\\\firebase-admin\\\\lib\\\\index.js\"}"}}
[debug] [2021-08-25T16:33:05.142Z] [runtime-status] [12892] Resolved module firebase-functions {"declared":true,"installed":true,"version":"3.14.1","resolution":"D:\\reactchallenge\\amazon-clone\\amazon-clone\\functions\\node_modules\\firebase-functions\\lib\\index.js"} {"metadata":{"emulator":{"name":"functions"},"message":"[runtime-status] [12892] Resolved module firebase-functions {\"declared\":true,\"installed\":true,\"version\":\"3.14.1\",\"resolution\":\"D:\\\\reactchallenge\\\\amazon-clone\\\\amazon-clone\\\\functions\\\\node_modules\\\\firebase-functions\\\\lib\\\\index.js\"}"}}
[debug] [2021-08-25T16:33:05.144Z] [runtime-status] [12892] firebase-admin has been stubbed. {"adminResolution":{"declared":true,"installed":true,"version":"9.11.0","resolution":"D:\\reactchallenge\\amazon-clone\\amazon-clone\\functions\\node_modules\\firebase-admin\\lib\\index.js"}} {"metadata":{"emulator":{"name":"functions"},"message":"[runtime-status] [12892] firebase-admin has been stubbed. {\"adminResolution\":{\"declared\":true,\"installed\":true,\"version\":\"9.11.0\",\"resolution\":\"D:\\\\reactchallenge\\\\amazon-clone\\\\amazon-clone\\\\functions\\\\node_modules\\\\firebase-admin\\\\lib\\\\index.js\"}}"}}
[info] +  functions[us-central1-api]: http function initialized (http://localhost:5001/challenge-c1516/us-central1/api). {"metadata":{"emulator":{"name":"functions"},"message":"\u001b[1mhttp\u001b[22m function initialized (http://localhost:5001/challenge-c1516/us-central1/api)."}}
[info] 
┌─────────────────────────────────────────────────────────────┐
│ ✔  All emulators ready! It is now safe to connect your app. │
│ i  View Emulator UI at http://localhost:4000                │
└─────────────────────────────────────────────────────────────┘

┌───────────┬────────────────┬─────────────────────────────────┐
│ Emulator  │ Host:Port      │ View in Emulator UI             │
├───────────┼────────────────┼─────────────────────────────────┤
│ Functions │ localhost:5001 │ http://localhost:4000/functions │
├───────────┼────────────────┼─────────────────────────────────┤
│ Hosting   │ localhost:5000 │ n/a                             │
└───────────┴────────────────┴─────────────────────────────────┘
  Emulator Hub running at localhost:4400
  Other reserved ports: 4500

Issues? Report them at https://github.com/firebase/firebase-tools/issues and attach the *-debug.log files.
 
[debug] [2021-08-25T16:33:15.643Z] [worker-~diagnostic~-e59df1a5-dd68-4f65-8136-fd107ae055ba]: IDLE {"metadata":{"emulator":{"name":"functions"},"message":"[worker-~diagnostic~-e59df1a5-dd68-4f65-8136-fd107ae055ba]: IDLE"}}
[debug] [2021-08-26T13:43:36.605Z] ----------------------------------------------------------------------
[debug] [2021-08-26T13:43:36.608Z] Command:       C:\Program Files\nodejs\node.exe C:\Users\Jaspal Singh\AppData\Roaming\npm\node_modules\firebase-tools\lib\bin\firebase.js emulators:start
[debug] [2021-08-26T13:43:36.609Z] CLI Version:   9.16.0
[debug] [2021-08-26T13:43:36.609Z] Platform:      win32
[debug] [2021-08-26T13:43:36.609Z] Node Version:  v14.17.3
[debug] [2021-08-26T13:43:36.610Z] Time:          Thu Aug 26 2021 19:13:36 GMT+0530 (India Standard Time)
[debug] [2021-08-26T13:43:36.610Z] ----------------------------------------------------------------------
[debug] 
[debug] [2021-08-26T13:43:36.784Z] > command requires scopes: ["email","openid","https://www.googleapis.com/auth/cloudplatformprojects.readonly","https://www.googleapis.com/auth/firebase","https://www.googleapis.com/auth/cloud-platform"]
[debug] [2021-08-26T13:43:36.785Z] > authorizing via signed-in user (khalsajaspalsingh6@gmail.com)
[info] i  emulators: Starting emulators: functions, hosting {"metadata":{"emulator":{"name":"hub"},"message":"Starting emulators: functions, hosting"}}
[debug] [2021-08-26T13:43:36.926Z] [hub] writing locator at C:\Users\JASPAL~1\AppData\Local\Temp\hub-challenge-c1516.json
[warn] !  functions: The following emulators are not running, calls to these services from the Functions emulator will affect production: auth, firestore, database, pubsub, storage {"metadata":{"emulator":{"name":"functions"},"message":"The following emulators are not running, calls to these services from the Functions emulator will affect production: \u001b[1mauth, firestore, database, pubsub, storage\u001b[22m"}}
[info] +  functions: Using node@14 from host. {"metadata":{"emulator":{"name":"functions"},"message":"Using node@14 from host."}}
[debug] [2021-08-26T13:43:37.057Z] defaultcredentials: writing to file C:\Users\Jaspal Singh\AppData\Roaming\firebase\khalsajaspalsingh6_gmail_com_application_default_credentials.json
[debug] [2021-08-26T13:43:37.059Z] Setting GAC to C:\Users\Jaspal Singh\AppData\Roaming\firebase\khalsajaspalsingh6_gmail_com_application_default_credentials.json {"metadata":{"emulator":{"name":"functions"},"message":"Setting GAC to C:\\Users\\Jaspal Singh\\AppData\\Roaming\\firebase\\khalsajaspalsingh6_gmail_com_application_default_credentials.json"}}
[debug] [2021-08-26T13:43:37.062Z] > refreshing access token with scopes: []
[debug] [2021-08-26T13:43:37.063Z] >>> HTTP REQUEST POST https://www.googleapis.com/oauth2/v3/token  
 <request body omitted>
[debug] [2021-08-26T13:43:37.285Z] <<< HTTP RESPONSE 200 {"expires":"Mon, 01 Jan 1990 00:00:00 GMT","cache-control":"no-cache, no-store, max-age=0, must-revalidate","pragma":"no-cache","date":"Thu, 26 Aug 2021 13:43:37 GMT","content-type":"application/json; charset=utf-8","vary":"X-Origin, Referer, Origin,Accept-Encoding","server":"scaffolding on HTTPServer2","x-xss-protection":"0","x-frame-options":"SAMEORIGIN","x-content-type-options":"nosniff","alt-svc":"h3=\":443\"; ma=2592000,h3-29=\":443\"; ma=2592000,h3-T051=\":443\"; ma=2592000,h3-Q050=\":443\"; ma=2592000,h3-Q046=\":443\"; ma=2592000,h3-Q043=\":443\"; ma=2592000,quic=\":443\"; ma=2592000; v=\"46,43\"","accept-ranges":"none","transfer-encoding":"chunked"}
[debug] [2021-08-26T13:43:37.440Z] >>> [apiv2][query] GET https://firebase.googleapis.com/v1beta1/projects/challenge-c1516/adminSdkConfig [none]
[debug] [2021-08-26T13:43:38.022Z] <<< [apiv2][status] GET https://firebase.googleapis.com/v1beta1/projects/challenge-c1516/adminSdkConfig 200
[debug] [2021-08-26T13:43:38.022Z] <<< [apiv2][body] GET https://firebase.googleapis.com/v1beta1/projects/challenge-c1516/adminSdkConfig {"projectId":"challenge-c1516","storageBucket":"challenge-c1516.appspot.com","locationId":"us-central"}
[debug] [2021-08-26T13:43:38.183Z] >>> [apiv2][query] GET https://firebasehosting.googleapis.com/v1beta1/projects/challenge-c1516/sites 
[debug] [2021-08-26T13:43:39.924Z] <<< [apiv2][status] GET https://firebasehosting.googleapis.com/v1beta1/projects/challenge-c1516/sites 200
[debug] [2021-08-26T13:43:39.925Z] <<< [apiv2][body] GET https://firebasehosting.googleapis.com/v1beta1/projects/challenge-c1516/sites {"sites":[{"name":"projects/828516393136/sites/challenge-c1516","defaultUrl":"https://challenge-c1516.web.app","appId":"1:828516393136:web:4594cafe30102e3ef1db75","type":"DEFAULT_SITE"}]}
[debug] [2021-08-26T13:43:39.925Z] >>> [apiv2][query] GET https://firebase.googleapis.com/v1beta1/projects/challenge-c1516/webApps/1:828516393136:web:4594cafe30102e3ef1db75/config [none]
[debug] [2021-08-26T13:43:41.676Z] <<< [apiv2][status] GET https://firebase.googleapis.com/v1beta1/projects/challenge-c1516/webApps/1:828516393136:web:4594cafe30102e3ef1db75/config 200
[debug] [2021-08-26T13:43:41.677Z] <<< [apiv2][body] GET https://firebase.googleapis.com/v1beta1/projects/challenge-c1516/webApps/1:828516393136:web:4594cafe30102e3ef1db75/config {"projectId":"challenge-c1516","appId":"1:828516393136:web:4594cafe30102e3ef1db75","storageBucket":"challenge-c1516.appspot.com","locationId":"us-central","apiKey":"AIzaSyBzUGUl0F5zg6uSBrgzUKayDs9AQt6yIEA","authDomain":"challenge-c1516.firebaseapp.com","messagingSenderId":"828516393136","measurementId":"G-QG5L57BW42"}
[info] i  hosting: Serving hosting files from: build {"metadata":{"emulator":{"name":"hosting"},"message":"Serving hosting files from: \u001b[1mbuild\u001b[22m"}}
[info] +  hosting: Local server: http://localhost:5000 {"metadata":{"emulator":{"name":"hosting"},"message":"Local server: \u001b[4m\u001b[1mhttp://localhost:5000\u001b[22m\u001b[24m"}}
[debug] [2021-08-26T13:43:41.991Z] Ignoring unsupported arg: auto_download {"metadata":{"emulator":{"name":"ui"},"message":"Ignoring unsupported arg: auto_download"}}
[debug] [2021-08-26T13:43:41.992Z] Ignoring unsupported arg: port {"metadata":{"emulator":{"name":"ui"},"message":"Ignoring unsupported arg: port"}}
[debug] [2021-08-26T13:43:41.992Z] Starting Emulator UI with command {"binary":"node","args":["C:\\Users\\Jaspal Singh\\.cache\\firebase\\emulators\\ui-v1.6.0\\server.bundle.js"],"optionalArgs":[],"joinArgs":false} {"metadata":{"emulator":{"name":"ui"},"message":"Starting Emulator UI with command {\"binary\":\"node\",\"args\":[\"C:\\\\Users\\\\Jaspal Singh\\\\.cache\\\\firebase\\\\emulators\\\\ui-v1.6.0\\\\server.bundle.js\"],\"optionalArgs\":[],\"joinArgs\":false}"}}
[info] i  ui: Emulator UI logging to ui-debug.log {"metadata":{"emulator":{"name":"ui"},"message":"Emulator UI logging to \u001b[1mui-debug.log\u001b[22m"}}
[debug] [2021-08-26T13:43:42.224Z] Web / API server started at localhost:4000
 {"metadata":{"emulator":{"name":"ui"},"message":"Web / API server started at localhost:4000\n"}}
[info] i  functions: Watching "D:\reactchallenge\amazon-clone\amazon-clone\functions" for Cloud Functions... {"metadata":{"emulator":{"name":"functions"},"message":"Watching \"D:\\reactchallenge\\amazon-clone\\amazon-clone\\functions\" for Cloud Functions..."}}
[debug] [2021-08-26T13:43:42.447Z] [worker-pool] addWorker(~diagnostic~) {"metadata":{"emulator":{"name":"functions"},"message":"[worker-pool] addWorker(~diagnostic~)"}}
[debug] [2021-08-26T13:43:42.447Z] [worker-pool] Adding worker with key ~diagnostic~, total=1 {"metadata":{"emulator":{"name":"functions"},"message":"[worker-pool] Adding worker with key ~diagnostic~, total=1"}}
[debug] [2021-08-26T13:43:42.448Z] [worker-pool] submitWork(triggerId=) {"metadata":{"emulator":{"name":"functions"},"message":"[worker-pool] submitWork(triggerId=)"}}
[debug] [2021-08-26T13:43:42.451Z] [worker-~diagnostic~-06b10296-bcaf-4cdf-b9f3-ac205ba1b956]: Assigning socketPath: \\?\pipe\D:\reactchallenge\amazon-clone\amazon-clone\functions\2428 {"metadata":{"emulator":{"name":"functions"},"message":"[worker-~diagnostic~-06b10296-bcaf-4cdf-b9f3-ac205ba1b956]: Assigning socketPath: \\\\?\\pipe\\D:\\reactchallenge\\amazon-clone\\amazon-clone\\functions\\2428"}}
[debug] [2021-08-26T13:43:42.452Z] [worker-~diagnostic~-06b10296-bcaf-4cdf-b9f3-ac205ba1b956]: BUSY {"metadata":{"emulator":{"name":"functions"},"message":"[worker-~diagnostic~-06b10296-bcaf-4cdf-b9f3-ac205ba1b956]: BUSY"}}
[debug] [2021-08-26T13:43:42.816Z] [runtime-status] [2428] Functions runtime initialized. {"cwd":"D:\\reactchallenge\\amazon-clone\\amazon-clone\\functions","node_version":"14.17.3"} {"metadata":{"emulator":{"name":"functions"},"message":"[runtime-status] [2428] Functions runtime initialized. {\"cwd\":\"D:\\\\reactchallenge\\\\amazon-clone\\\\amazon-clone\\\\functions\",\"node_version\":\"14.17.3\"}"}}
[debug] [2021-08-26T13:43:42.817Z] [runtime-status] [2428] Disabled runtime features: undefined {"metadata":{"emulator":{"name":"functions"},"message":"[runtime-status] [2428] Disabled runtime features: undefined"}}
[debug] [2021-08-26T13:43:42.829Z] [runtime-status] [2428] Resolved module firebase-admin {"declared":true,"installed":true,"version":"9.11.0","resolution":"D:\\reactchallenge\\amazon-clone\\amazon-clone\\functions\\node_modules\\firebase-admin\\lib\\index.js"} {"metadata":{"emulator":{"name":"functions"},"message":"[runtime-status] [2428] Resolved module firebase-admin {\"declared\":true,\"installed\":true,\"version\":\"9.11.0\",\"resolution\":\"D:\\\\reactchallenge\\\\amazon-clone\\\\amazon-clone\\\\functions\\\\node_modules\\\\firebase-admin\\\\lib\\\\index.js\"}"}}
[debug] [2021-08-26T13:43:42.839Z] [runtime-status] [2428] Resolved module firebase-functions {"declared":true,"installed":true,"version":"3.14.1","resolution":"D:\\reactchallenge\\amazon-clone\\amazon-clone\\functions\\node_modules\\firebase-functions\\lib\\index.js"} {"metadata":{"emulator":{"name":"functions"},"message":"[runtime-status] [2428] Resolved module firebase-functions {\"declared\":true,\"installed\":true,\"version\":\"3.14.1\",\"resolution\":\"D:\\\\reactchallenge\\\\amazon-clone\\\\amazon-clone\\\\functions\\\\node_modules\\\\firebase-functions\\\\lib\\\\index.js\"}"}}
[debug] [2021-08-26T13:43:42.842Z] [runtime-status] [2428] Resolved module firebase-functions {"declared":true,"installed":true,"version":"3.14.1","resolution":"D:\\reactchallenge\\amazon-clone\\amazon-clone\\functions\\node_modules\\firebase-functions\\lib\\index.js"} {"metadata":{"emulator":{"name":"functions"},"message":"[runtime-status] [2428] Resolved module firebase-functions {\"declared\":true,\"installed\":true,\"version\":\"3.14.1\",\"resolution\":\"D:\\\\reactchallenge\\\\amazon-clone\\\\amazon-clone\\\\functions\\\\node_modules\\\\firebase-functions\\\\lib\\\\index.js\"}"}}
[debug] [2021-08-26T13:43:42.844Z] [runtime-status] [2428] Outgoing network have been stubbed. [{"name":"http","status":"mocked"},{"name":"http","status":"mocked"},{"name":"https","status":"mocked"},{"name":"https","status":"mocked"},{"name":"net","status":"mocked"}] {"metadata":{"emulator":{"name":"functions"},"message":"[runtime-status] [2428] Outgoing network have been stubbed. [{\"name\":\"http\",\"status\":\"mocked\"},{\"name\":\"http\",\"status\":\"mocked\"},{\"name\":\"https\",\"status\":\"mocked\"},{\"name\":\"https\",\"status\":\"mocked\"},{\"name\":\"net\",\"status\":\"mocked\"}]"}}
[debug] [2021-08-26T13:43:42.845Z] [runtime-status] [2428] Resolved module firebase-functions {"declared":true,"installed":true,"version":"3.14.1","resolution":"D:\\reactchallenge\\amazon-clone\\amazon-clone\\functions\\node_modules\\firebase-functions\\lib\\index.js"} {"metadata":{"emulator":{"name":"functions"},"message":"[runtime-status] [2428] Resolved module firebase-functions {\"declared\":true,\"installed\":true,\"version\":\"3.14.1\",\"resolution\":\"D:\\\\reactchallenge\\\\amazon-clone\\\\amazon-clone\\\\functions\\\\node_modules\\\\firebase-functions\\\\lib\\\\index.js\"}"}}
[debug] [2021-08-26T13:43:44.680Z] [runtime-status] [2428] Checked functions.config() {"config":{}} {"metadata":{"emulator":{"name":"functions"},"message":"[runtime-status] [2428] Checked functions.config() {\"config\":{}}"}}
[debug] [2021-08-26T13:43:44.682Z] [runtime-status] [2428] firebase-functions has been stubbed. {"functionsResolution":{"declared":true,"installed":true,"version":"3.14.1","resolution":"D:\\reactchallenge\\amazon-clone\\amazon-clone\\functions\\node_modules\\firebase-functions\\lib\\index.js"}} {"metadata":{"emulator":{"name":"functions"},"message":"[runtime-status] [2428] firebase-functions has been stubbed. {\"functionsResolution\":{\"declared\":true,\"installed\":true,\"version\":\"3.14.1\",\"resolution\":\"D:\\\\reactchallenge\\\\amazon-clone\\\\amazon-clone\\\\functions\\\\node_modules\\\\firebase-functions\\\\lib\\\\index.js\"}}"}}
[debug] [2021-08-26T13:43:44.684Z] [runtime-status] [2428] Resolved module firebase-functions {"declared":true,"installed":true,"version":"3.14.1","resolution":"D:\\reactchallenge\\amazon-clone\\amazon-clone\\functions\\node_modules\\firebase-functions\\lib\\index.js"} {"metadata":{"emulator":{"name":"functions"},"message":"[runtime-status] [2428] Resolved module firebase-functions {\"declared\":true,\"installed\":true,\"version\":\"3.14.1\",\"resolution\":\"D:\\\\reactchallenge\\\\amazon-clone\\\\amazon-clone\\\\functions\\\\node_modules\\\\firebase-functions\\\\lib\\\\index.js\"}"}}
[debug] [2021-08-26T13:43:44.688Z] [runtime-status] [2428] Resolved module firebase-admin {"declared":true,"installed":true,"version":"9.11.0","resolution":"D:\\reactchallenge\\amazon-clone\\amazon-clone\\functions\\node_modules\\firebase-admin\\lib\\index.js"} {"metadata":{"emulator":{"name":"functions"},"message":"[runtime-status] [2428] Resolved module firebase-admin {\"declared\":true,\"installed\":true,\"version\":\"9.11.0\",\"resolution\":\"D:\\\\reactchallenge\\\\amazon-clone\\\\amazon-clone\\\\functions\\\\node_modules\\\\firebase-admin\\\\lib\\\\index.js\"}"}}
[debug] [2021-08-26T13:43:44.690Z] [runtime-status] [2428] Resolved module firebase-functions {"declared":true,"installed":true,"version":"3.14.1","resolution":"D:\\reactchallenge\\amazon-clone\\amazon-clone\\functions\\node_modules\\firebase-functions\\lib\\index.js"} {"metadata":{"emulator":{"name":"functions"},"message":"[runtime-status] [2428] Resolved module firebase-functions {\"declared\":true,\"installed\":true,\"version\":\"3.14.1\",\"resolution\":\"D:\\\\reactchallenge\\\\amazon-clone\\\\amazon-clone\\\\functions\\\\node_modules\\\\firebase-functions\\\\lib\\\\index.js\"}"}}
[debug] [2021-08-26T13:43:44.691Z] [runtime-status] [2428] firebase-admin has been stubbed. {"adminResolution":{"declared":true,"installed":true,"version":"9.11.0","resolution":"D:\\reactchallenge\\amazon-clone\\amazon-clone\\functions\\node_modules\\firebase-admin\\lib\\index.js"}} {"metadata":{"emulator":{"name":"functions"},"message":"[runtime-status] [2428] firebase-admin has been stubbed. {\"adminResolution\":{\"declared\":true,\"installed\":true,\"version\":\"9.11.0\",\"resolution\":\"D:\\\\reactchallenge\\\\amazon-clone\\\\amazon-clone\\\\functions\\\\node_modules\\\\firebase-admin\\\\lib\\\\index.js\"}}"}}
[info] +  functions[us-central1-api]: http function initialized (http://localhost:5001/challenge-c1516/us-central1/api). {"metadata":{"emulator":{"name":"functions"},"message":"\u001b[1mhttp\u001b[22m function initialized (http://localhost:5001/challenge-c1516/us-central1/api)."}}
[info] 
┌─────────────────────────────────────────────────────────────┐
│ ✔  All emulators ready! It is now safe to connect your app. │
│ i  View Emulator UI at http://localhost:4000                │
└─────────────────────────────────────────────────────────────┘

┌───────────┬────────────────┬─────────────────────────────────┐
│ Emulator  │ Host:Port      │ View in Emulator UI             │
├───────────┼────────────────┼─────────────────────────────────┤
│ Functions │ localhost:5001 │ http://localhost:4000/functions │
├───────────┼────────────────┼─────────────────────────────────┤
│ Hosting   │ localhost:5000 │ n/a                             │
└───────────┴────────────────┴─────────────────────────────────┘
  Emulator Hub running at localhost:4400
  Other reserved ports: 4500

Issues? Report them at https://github.com/firebase/firebase-tools/issues and attach the *-debug.log files.
 
[debug] [2021-08-26T13:43:56.525Z] [worker-~diagnostic~-06b10296-bcaf-4cdf-b9f3-ac205ba1b956]: IDLE {"metadata":{"emulator":{"name":"functions"},"message":"[worker-~diagnostic~-06b10296-bcaf-4cdf-b9f3-ac205ba1b956]: IDLE"}}
[debug] [2021-08-26T17:10:10.288Z] Received signal SIGHUP 1
[debug] [2021-11-02T07:32:34.883Z] ----------------------------------------------------------------------
[debug] [2021-11-02T07:32:34.890Z] Command:       C:\Program Files\nodejs\node.exe C:\Users\LENOVO\AppData\Roaming\npm\node_modules\firebase-tools\lib\bin\firebase.js emulators:start
[debug] [2021-11-02T07:32:34.890Z] CLI Version:   9.19.0
[debug] [2021-11-02T07:32:34.891Z] Platform:      win32
[debug] [2021-11-02T07:32:34.891Z] Node Version:  v14.18.0
[debug] [2021-11-02T07:32:34.893Z] Time:          Tue Nov 02 2021 13:02:34 GMT+0530 (India Standard Time)
[debug] [2021-11-02T07:32:34.894Z] ----------------------------------------------------------------------
[debug] 
[debug] [2021-11-02T07:32:34.900Z] >>> [apiv2][query] GET https://firebase-public.firebaseio.com/cli.json [none]
[debug] [2021-11-02T07:32:35.019Z] > command requires scopes: ["email","openid","https://www.googleapis.com/auth/cloudplatformprojects.readonly","https://www.googleapis.com/auth/firebase","https://www.googleapis.com/auth/cloud-platform"]
[debug] [2021-11-02T07:32:35.901Z] <<< [apiv2][status] GET https://firebase-public.firebaseio.com/cli.json 200
[debug] [2021-11-02T07:32:35.902Z] <<< [apiv2][body] GET https://firebase-public.firebaseio.com/cli.json {"cloudBuildErrorAfter":1594252800000,"cloudBuildWarnAfter":1590019200000,"defaultNode10After":1594252800000,"minVersion":"3.0.5","node8DeploysDisabledAfter":1613390400000,"node8RuntimeDisabledAfter":1615809600000,"node8WarnAfter":1600128000000}
[debug] Failed to authenticate, have you run firebase login?
[warn] !  emulators: You are not currently authenticated so some features may not work correctly. Please run firebase login to authenticate the CLI. 
[info] i  emulators: Starting emulators: functions, hosting {"metadata":{"emulator":{"name":"hub"},"message":"Starting emulators: functions, hosting"}}
[debug] [2021-11-02T07:32:38.080Z] [hub] writing locator at C:\Users\LENOVO\AppData\Local\Temp\hub-challenge-c1516.json
[warn] !  functions: The following emulators are not running, calls to these services from the Functions emulator will affect production: auth, firestore, database, pubsub, storage {"metadata":{"emulator":{"name":"functions"},"message":"The following emulators are not running, calls to these services from the Functions emulator will affect production: \u001b[1mauth, firestore, database, pubsub, storage\u001b[22m"}}
[info] +  functions: Using node@14 from host. {"metadata":{"emulator":{"name":"functions"},"message":"Using node@14 from host."}}
[warn] !  functions: You are not signed in to the Firebase CLI. If you have authorized this machine using gcloud application-default credentials those may be discovered and used to access production services. {"metadata":{"emulator":{"name":"functions"},"message":"You are not signed in to the Firebase CLI. If you have authorized this machine using gcloud application-default credentials those may be discovered and used to access production services."}}
[debug] [2021-11-02T07:32:38.301Z] > refreshing access token with scopes: []
[debug] [2021-11-02T07:32:38.308Z] >>> HTTP REQUEST POST https://www.googleapis.com/oauth2/v3/token  
 <request body omitted>
[debug] [2021-11-02T07:32:38.548Z] <<< HTTP RESPONSE 400 {"date":"Tue, 02 Nov 2021 07:32:39 GMT","pragma":"no-cache","cache-control":"no-cache, no-store, max-age=0, must-revalidate","expires":"Mon, 01 Jan 1990 00:00:00 GMT","content-type":"application/json; charset=utf-8","vary":"X-Origin, Referer, Origin,Accept-Encoding","server":"scaffolding on HTTPServer2","x-xss-protection":"0","x-frame-options":"SAMEORIGIN","x-content-type-options":"nosniff","alt-svc":"h3=\":443\"; ma=2592000,h3-29=\":443\"; ma=2592000,h3-Q050=\":443\"; ma=2592000,h3-Q046=\":443\"; ma=2592000,h3-Q043=\":443\"; ma=2592000,quic=\":443\"; ma=2592000; v=\"46,43\"","accept-ranges":"none","transfer-encoding":"chunked"}
[debug] [2021-11-02T07:32:38.550Z] >>> [apiv2][query] GET https://firebase.googleapis.com/v1beta1/projects/challenge-c1516/adminSdkConfig [none]
[debug] [2021-11-02T07:32:38.829Z] <<< [apiv2][status] GET https://firebase.googleapis.com/v1beta1/projects/challenge-c1516/adminSdkConfig 401
[debug] [2021-11-02T07:32:38.830Z] <<< [apiv2][body] GET https://firebase.googleapis.com/v1beta1/projects/challenge-c1516/adminSdkConfig {"error":{"code":401,"message":"Request is missing required authentication credential. Expected OAuth 2 access token, login cookie or other valid authentication credential. See https://developers.google.com/identity/sign-in/web/devconsole-project.","status":"UNAUTHENTICATED","details":[{"@type":"type.googleapis.com/google.rpc.ErrorInfo","reason":"CREDENTIALS_MISSING","domain":"googleapis.com","metadata":{"method":"google.firebase.service.v1beta1.FirebaseProjectService.GetAdminSdkConfig","service":"firebase.googleapis.com"}}]}}
[debug] [2021-11-02T07:32:38.834Z] Failed to get Admin SDK config for challenge-c1516, falling back to cache Failed to get Admin SDK for Firebase project challenge-c1516. Please make sure the project exists and your account has permission to access it. {"name":"FirebaseError","children":[],"exit":2,"message":"Failed to get Admin SDK for Firebase project challenge-c1516. Please make sure the project exists and your account has permission to access it.","original":{"name":"FirebaseError","children":[],"context":{"body":{"error":{"code":401,"message":"Request is missing required authentication credential. Expected OAuth 2 access token, login cookie or other valid authentication credential. See https://developers.google.com/identity/sign-in/web/devconsole-project.","status":"UNAUTHENTICATED","details":[{"@type":"type.googleapis.com/google.rpc.ErrorInfo","reason":"CREDENTIALS_MISSING","domain":"googleapis.com","metadata":{"method":"google.firebase.service.v1beta1.FirebaseProjectService.GetAdminSdkConfig","service":"firebase.googleapis.com"}}]}},"response":{"statusCode":401}},"exit":1,"message":"HTTP Error: 401, Request is missing required authentication credential. Expected OAuth 2 access token, login cookie or other valid authentication credential. See https://developers.google.com/identity/sign-in/web/devconsole-project.","status":401},"status":500}
[warn] !  functions: Unable to fetch project Admin SDK configuration, Admin SDK behavior in Cloud Functions emulator may be incorrect. {"metadata":{"emulator":{"name":"functions"},"message":"Unable to fetch project Admin SDK configuration, Admin SDK behavior in Cloud Functions emulator may be incorrect."}}
[debug] [2021-11-02T07:32:38.900Z] > refreshing access token with scopes: []
[debug] [2021-11-02T07:32:38.903Z] >>> HTTP REQUEST POST https://www.googleapis.com/oauth2/v3/token  
 <request body omitted>
[debug] [2021-11-02T07:32:39.080Z] <<< HTTP RESPONSE 400 {"pragma":"no-cache","expires":"Mon, 01 Jan 1990 00:00:00 GMT","cache-control":"no-cache, no-store, max-age=0, must-revalidate","date":"Tue, 02 Nov 2021 07:32:39 GMT","content-type":"application/json; charset=utf-8","vary":"X-Origin, Referer, Origin,Accept-Encoding","server":"scaffolding on HTTPServer2","x-xss-protection":"0","x-frame-options":"SAMEORIGIN","x-content-type-options":"nosniff","alt-svc":"h3=\":443\"; ma=2592000,h3-29=\":443\"; ma=2592000,h3-Q050=\":443\"; ma=2592000,h3-Q046=\":443\"; ma=2592000,h3-Q043=\":443\"; ma=2592000,quic=\":443\"; ma=2592000; v=\"46,43\"","accept-ranges":"none","transfer-encoding":"chunked"}
[debug] [2021-11-02T07:32:39.083Z] >>> [apiv2][query] GET https://firebasehosting.googleapis.com/v1beta1/projects/challenge-c1516/sites 
[debug] [2021-11-02T07:32:40.860Z] <<< [apiv2][status] GET https://firebasehosting.googleapis.com/v1beta1/projects/challenge-c1516/sites 401
[debug] [2021-11-02T07:32:40.862Z] <<< [apiv2][body] GET https://firebasehosting.googleapis.com/v1beta1/projects/challenge-c1516/sites {"error":{"code":401,"message":"Request is missing required authentication credential. Expected OAuth 2 access token, login cookie or other valid authentication credential. See https://developers.google.com/identity/sign-in/web/devconsole-project.","status":"UNAUTHENTICATED","details":[{"@type":"type.googleapis.com/google.rpc.ErrorInfo","reason":"CREDENTIALS_MISSING","domain":"googleapis.com","metadata":{"service":"firebasehosting.googleapis.com","method":"google.firebase.hosting.v1beta1.MetadataService.ListSites"}}]}}
[debug] [2021-11-02T07:32:40.863Z] Failed to list hosting sites
[debug] HTTP Error: 401, Request is missing required authentication credential. Expected OAuth 2 access token, login cookie or other valid authentication credential. See https://developers.google.com/identity/sign-in/web/devconsole-project.
[debug] [2021-11-02T07:32:40.865Z] > refreshing access token with scopes: []
[debug] [2021-11-02T07:32:40.865Z] >>> HTTP REQUEST POST https://www.googleapis.com/oauth2/v3/token  
 <request body omitted>
[debug] [2021-11-02T07:32:41.057Z] <<< HTTP RESPONSE 400 {"cache-control":"no-cache, no-store, max-age=0, must-revalidate","date":"Tue, 02 Nov 2021 07:32:41 GMT","expires":"Mon, 01 Jan 1990 00:00:00 GMT","pragma":"no-cache","content-type":"application/json; charset=utf-8","vary":"X-Origin, Referer, Origin,Accept-Encoding","server":"scaffolding on HTTPServer2","x-xss-protection":"0","x-frame-options":"SAMEORIGIN","x-content-type-options":"nosniff","alt-svc":"h3=\":443\"; ma=2592000,h3-29=\":443\"; ma=2592000,h3-Q050=\":443\"; ma=2592000,h3-Q046=\":443\"; ma=2592000,h3-Q043=\":443\"; ma=2592000,quic=\":443\"; ma=2592000; v=\"46,43\"","accept-ranges":"none","transfer-encoding":"chunked"}
[debug] [2021-11-02T07:32:41.060Z] >>> [apiv2][query] GET https://firebase.googleapis.com/v1beta1/projects/challenge-c1516/webApps/-/config [none]
[debug] [2021-11-02T07:32:41.230Z] <<< [apiv2][status] GET https://firebase.googleapis.com/v1beta1/projects/challenge-c1516/webApps/-/config 401
[debug] [2021-11-02T07:32:41.231Z] <<< [apiv2][body] GET https://firebase.googleapis.com/v1beta1/projects/challenge-c1516/webApps/-/config {"error":{"code":401,"message":"Request is missing required authentication credential. Expected OAuth 2 access token, login cookie or other valid authentication credential. See https://developers.google.com/identity/sign-in/web/devconsole-project.","status":"UNAUTHENTICATED","details":[{"@type":"type.googleapis.com/google.rpc.ErrorInfo","reason":"CREDENTIALS_MISSING","domain":"googleapis.com","metadata":{"method":"google.firebase.service.v1beta1.WebAppService.GetWebAppConfig","service":"firebase.googleapis.com"}}]}}
[debug] [2021-11-02T07:32:41.231Z] fetchWebSetup error: FirebaseError: HTTP Error: 401, Request is missing required authentication credential. Expected OAuth 2 access token, login cookie or other valid authentication credential. See https://developers.google.com/identity/sign-in/web/devconsole-project.
[warn] !  hosting: Could not fetch web app configuration and there is no cached configuration on this machine. Check your internet connection and make sure you are authenticated. To continue, you must call firebase.initializeApp({...}) in your code before using Firebase. 
[info] i  hosting: Serving hosting files from: build {"metadata":{"emulator":{"name":"hosting"},"message":"Serving hosting files from: \u001b[1mbuild\u001b[22m"}}
[info] +  hosting: Local server: http://localhost:5000 {"metadata":{"emulator":{"name":"hosting"},"message":"Local server: \u001b[4m\u001b[1mhttp://localhost:5000\u001b[22m\u001b[24m"}}
[info] i  ui: downloading ui-v1.6.3.zip... {"metadata":{"emulator":{"name":"ui"},"message":"downloading ui-v1.6.3.zip..."}}
[debug] [2021-11-02T07:32:41.348Z] >>> [apiv2][query] GET https://storage.googleapis.com/firebase-preview-drop/emulator/ui-v1.6.3.zip 
[debug] [2021-11-02T07:32:41.746Z] <<< [apiv2][status] GET https://storage.googleapis.com/firebase-preview-drop/emulator/ui-v1.6.3.zip 200
[debug] [2021-11-02T07:32:41.747Z] <<< [apiv2][body] GET https://storage.googleapis.com/firebase-preview-drop/emulator/ui-v1.6.3.zip [stream]
[debug] [2021-11-02T07:32:42.751Z] Ignoring unsupported arg: auto_download {"metadata":{"emulator":{"name":"ui"},"message":"Ignoring unsupported arg: auto_download"}}
[debug] [2021-11-02T07:32:42.752Z] Ignoring unsupported arg: port {"metadata":{"emulator":{"name":"ui"},"message":"Ignoring unsupported arg: port"}}
[debug] [2021-11-02T07:32:42.752Z] Starting Emulator UI with command {"binary":"node","args":["C:\\Users\\LENOVO\\.cache\\firebase\\emulators\\ui-v1.6.3\\server.bundle.js"],"optionalArgs":[],"joinArgs":false} {"metadata":{"emulator":{"name":"ui"},"message":"Starting Emulator UI with command {\"binary\":\"node\",\"args\":[\"C:\\\\Users\\\\LENOVO\\\\.cache\\\\firebase\\\\emulators\\\\ui-v1.6.3\\\\server.bundle.js\"],\"optionalArgs\":[],\"joinArgs\":false}"}}
[info] i  ui: Emulator UI logging to ui-debug.log {"metadata":{"emulator":{"name":"ui"},"message":"Emulator UI logging to \u001b[1mui-debug.log\u001b[22m"}}
[debug] [2021-11-02T07:32:43.001Z] Web / API server started at localhost:4000
 {"metadata":{"emulator":{"name":"ui"},"message":"Web / API server started at localhost:4000\n"}}
[info] i  functions: Watching "E:\reactchallenge\amazon-clone\amazon-clone\functions" for Cloud Functions... {"metadata":{"emulator":{"name":"functions"},"message":"Watching \"E:\\reactchallenge\\amazon-clone\\amazon-clone\\functions\" for Cloud Functions..."}}
[debug] [2021-11-02T07:32:43.048Z] [worker-pool] addWorker(~diagnostic~) {"metadata":{"emulator":{"name":"functions"},"message":"[worker-pool] addWorker(~diagnostic~)"}}
[debug] [2021-11-02T07:32:43.048Z] [worker-pool] Adding worker with key ~diagnostic~, total=1 {"metadata":{"emulator":{"name":"functions"},"message":"[worker-pool] Adding worker with key ~diagnostic~, total=1"}}
[debug] [2021-11-02T07:32:43.049Z] [worker-pool] submitWork(triggerId=) {"metadata":{"emulator":{"name":"functions"},"message":"[worker-pool] submitWork(triggerId=)"}}
[debug] [2021-11-02T07:32:43.050Z] [worker-~diagnostic~-934b38d7-9767-4abe-a78d-326157a82289]: Assigning socketPath: \\?\pipe\E:\reactchallenge\amazon-clone\amazon-clone\functions\16392 {"metadata":{"emulator":{"name":"functions"},"message":"[worker-~diagnostic~-934b38d7-9767-4abe-a78d-326157a82289]: Assigning socketPath: \\\\?\\pipe\\E:\\reactchallenge\\amazon-clone\\amazon-clone\\functions\\16392"}}
[debug] [2021-11-02T07:32:43.051Z] [worker-~diagnostic~-934b38d7-9767-4abe-a78d-326157a82289]: BUSY {"metadata":{"emulator":{"name":"functions"},"message":"[worker-~diagnostic~-934b38d7-9767-4abe-a78d-326157a82289]: BUSY"}}
[debug] [2021-11-02T07:32:43.450Z] [runtime-status] [16392] Functions runtime initialized. {"cwd":"E:\\reactchallenge\\amazon-clone\\amazon-clone\\functions","node_version":"14.18.0"} {"metadata":{"emulator":{"name":"functions"},"message":"[runtime-status] [16392] Functions runtime initialized. {\"cwd\":\"E:\\\\reactchallenge\\\\amazon-clone\\\\amazon-clone\\\\functions\",\"node_version\":\"14.18.0\"}"}}
[debug] [2021-11-02T07:32:43.453Z] [runtime-status] [16392] Disabled runtime features: undefined {"metadata":{"emulator":{"name":"functions"},"message":"[runtime-status] [16392] Disabled runtime features: undefined"}}
[debug] [2021-11-02T07:32:43.751Z] [runtime-status] [16392] Resolved module firebase-admin {"declared":true,"installed":true,"version":"9.11.0","resolution":"E:\\reactchallenge\\amazon-clone\\amazon-clone\\functions\\node_modules\\firebase-admin\\lib\\index.js"} {"metadata":{"emulator":{"name":"functions"},"message":"[runtime-status] [16392] Resolved module firebase-admin {\"declared\":true,\"installed\":true,\"version\":\"9.11.0\",\"resolution\":\"E:\\\\reactchallenge\\\\amazon-clone\\\\amazon-clone\\\\functions\\\\node_modules\\\\firebase-admin\\\\lib\\\\index.js\"}"}}
[debug] [2021-11-02T07:32:43.792Z] [runtime-status] [16392] Resolved module firebase-functions {"declared":true,"installed":true,"version":"3.14.1","resolution":"E:\\reactchallenge\\amazon-clone\\amazon-clone\\functions\\node_modules\\firebase-functions\\lib\\index.js"} {"metadata":{"emulator":{"name":"functions"},"message":"[runtime-status] [16392] Resolved module firebase-functions {\"declared\":true,\"installed\":true,\"version\":\"3.14.1\",\"resolution\":\"E:\\\\reactchallenge\\\\amazon-clone\\\\amazon-clone\\\\functions\\\\node_modules\\\\firebase-functions\\\\lib\\\\index.js\"}"}}
[debug] [2021-11-02T07:32:43.798Z] [runtime-status] [16392] Outgoing network have been stubbed. [{"name":"http","status":"mocked"},{"name":"http","status":"mocked"},{"name":"https","status":"mocked"},{"name":"https","status":"mocked"},{"name":"net","status":"mocked"}] {"metadata":{"emulator":{"name":"functions"},"message":"[runtime-status] [16392] Outgoing network have been stubbed. [{\"name\":\"http\",\"status\":\"mocked\"},{\"name\":\"http\",\"status\":\"mocked\"},{\"name\":\"https\",\"status\":\"mocked\"},{\"name\":\"https\",\"status\":\"mocked\"},{\"name\":\"net\",\"status\":\"mocked\"}]"}}
[debug] [2021-11-02T07:32:43.801Z] [runtime-status] [16392] Resolved module firebase-functions {"declared":true,"installed":true,"version":"3.14.1","resolution":"E:\\reactchallenge\\amazon-clone\\amazon-clone\\functions\\node_modules\\firebase-functions\\lib\\index.js"} {"metadata":{"emulator":{"name":"functions"},"message":"[runtime-status] [16392] Resolved module firebase-functions {\"declared\":true,\"installed\":true,\"version\":\"3.14.1\",\"resolution\":\"E:\\\\reactchallenge\\\\amazon-clone\\\\amazon-clone\\\\functions\\\\node_modules\\\\firebase-functions\\\\lib\\\\index.js\"}"}}
[debug] [2021-11-02T07:32:45.410Z] [runtime-status] [16392] Checked functions.config() {"config":{}} {"metadata":{"emulator":{"name":"functions"},"message":"[runtime-status] [16392] Checked functions.config() {\"config\":{}}"}}
[debug] [2021-11-02T07:32:45.411Z] [runtime-status] [16392] firebase-functions has been stubbed. {"functionsResolution":{"declared":true,"installed":true,"version":"3.14.1","resolution":"E:\\reactchallenge\\amazon-clone\\amazon-clone\\functions\\node_modules\\firebase-functions\\lib\\index.js"}} {"metadata":{"emulator":{"name":"functions"},"message":"[runtime-status] [16392] firebase-functions has been stubbed. {\"functionsResolution\":{\"declared\":true,\"installed\":true,\"version\":\"3.14.1\",\"resolution\":\"E:\\\\reactchallenge\\\\amazon-clone\\\\amazon-clone\\\\functions\\\\node_modules\\\\firebase-functions\\\\lib\\\\index.js\"}}"}}
[debug] [2021-11-02T07:32:45.414Z] [runtime-status] [16392] Resolved module firebase-functions {"declared":true,"installed":true,"version":"3.14.1","resolution":"E:\\reactchallenge\\amazon-clone\\amazon-clone\\functions\\node_modules\\firebase-functions\\lib\\index.js"} {"metadata":{"emulator":{"name":"functions"},"message":"[runtime-status] [16392] Resolved module firebase-functions {\"declared\":true,\"installed\":true,\"version\":\"3.14.1\",\"resolution\":\"E:\\\\reactchallenge\\\\amazon-clone\\\\amazon-clone\\\\functions\\\\node_modules\\\\firebase-functions\\\\lib\\\\index.js\"}"}}
[debug] [2021-11-02T07:32:45.421Z] [runtime-status] [16392] Resolved module firebase-admin {"declared":true,"installed":true,"version":"9.11.0","resolution":"E:\\reactchallenge\\amazon-clone\\amazon-clone\\functions\\node_modules\\firebase-admin\\lib\\index.js"} {"metadata":{"emulator":{"name":"functions"},"message":"[runtime-status] [16392] Resolved module firebase-admin {\"declared\":true,\"installed\":true,\"version\":\"9.11.0\",\"resolution\":\"E:\\\\reactchallenge\\\\amazon-clone\\\\amazon-clone\\\\functions\\\\node_modules\\\\firebase-admin\\\\lib\\\\index.js\"}"}}
[debug] [2021-11-02T07:32:45.423Z] [runtime-status] [16392] Resolved module firebase-functions {"declared":true,"installed":true,"version":"3.14.1","resolution":"E:\\reactchallenge\\amazon-clone\\amazon-clone\\functions\\node_modules\\firebase-functions\\lib\\index.js"} {"metadata":{"emulator":{"name":"functions"},"message":"[runtime-status] [16392] Resolved module firebase-functions {\"declared\":true,\"installed\":true,\"version\":\"3.14.1\",\"resolution\":\"E:\\\\reactchallenge\\\\amazon-clone\\\\amazon-clone\\\\functions\\\\node_modules\\\\firebase-functions\\\\lib\\\\index.js\"}"}}
[debug] [2021-11-02T07:32:45.424Z] [runtime-status] [16392] firebase-admin has been stubbed. {"adminResolution":{"declared":true,"installed":true,"version":"9.11.0","resolution":"E:\\reactchallenge\\amazon-clone\\amazon-clone\\functions\\node_modules\\firebase-admin\\lib\\index.js"}} {"metadata":{"emulator":{"name":"functions"},"message":"[runtime-status] [16392] firebase-admin has been stubbed. {\"adminResolution\":{\"declared\":true,\"installed\":true,\"version\":\"9.11.0\",\"resolution\":\"E:\\\\reactchallenge\\\\amazon-clone\\\\amazon-clone\\\\functions\\\\node_modules\\\\firebase-admin\\\\lib\\\\index.js\"}}"}}
[info] +  functions[us-central1-api]: http function initialized (http://localhost:5001/challenge-c1516/us-central1/api). {"metadata":{"emulator":{"name":"functions"},"message":"\u001b[1mhttp\u001b[22m function initialized (http://localhost:5001/challenge-c1516/us-central1/api)."}}
[info] 
┌─────────────────────────────────────────────────────────────┐
│ ✔  All emulators ready! It is now safe to connect your app. │
│ i  View Emulator UI at http://localhost:4000                │
└─────────────────────────────────────────────────────────────┘

┌───────────┬────────────────┬─────────────────────────────────┐
│ Emulator  │ Host:Port      │ View in Emulator UI             │
├───────────┼────────────────┼─────────────────────────────────┤
│ Functions │ localhost:5001 │ http://localhost:4000/functions │
├───────────┼────────────────┼─────────────────────────────────┤
│ Hosting   │ localhost:5000 │ n/a                             │
└───────────┴────────────────┴─────────────────────────────────┘
  Emulator Hub running at localhost:4400
  Other reserved ports: 4500

Issues? Report them at https://github.com/firebase/firebase-tools/issues and attach the *-debug.log files.
 
[debug] [2021-11-02T07:32:48.665Z] [worker-~diagnostic~-934b38d7-9767-4abe-a78d-326157a82289]: IDLE {"metadata":{"emulator":{"name":"functions"},"message":"[worker-~diagnostic~-934b38d7-9767-4abe-a78d-326157a82289]: IDLE"}}
[debug] [2021-11-02T07:35:44.546Z] [work-queue] {"queueLength":1,"workRunningCount":0}
[debug] [2021-11-02T07:35:44.547Z] [work-queue] {"queueLength":0,"workRunningCount":1}
[debug] [2021-11-02T07:35:44.548Z] Accepted request POST /challenge-c1516/us-central1/api/payments/create?total=25096 --> us-central1-api
[debug] [2021-11-02T07:35:44.560Z] [worker-pool] addWorker(us-central1-api) {"metadata":{"emulator":{"name":"functions"},"message":"[worker-pool] addWorker(us-central1-api)"}}
[debug] [2021-11-02T07:35:44.560Z] [worker-pool] Adding worker with key us-central1-api, total=1 {"metadata":{"emulator":{"name":"functions"},"message":"[worker-pool] Adding worker with key us-central1-api, total=1"}}
[debug] [2021-11-02T07:35:44.560Z] [worker-pool] submitWork(triggerId=us-central1-api) {"metadata":{"emulator":{"name":"functions"},"message":"[worker-pool] submitWork(triggerId=us-central1-api)"}}
[debug] [2021-11-02T07:35:44.561Z] [worker-us-central1-api-5a92202b-214e-4fd0-af30-cf3022795802]: Assigning socketPath: \\?\pipe\E:\reactchallenge\amazon-clone\amazon-clone\functions\10020 {"metadata":{"emulator":{"name":"functions"},"message":"[worker-us-central1-api-5a92202b-214e-4fd0-af30-cf3022795802]: Assigning socketPath: \\\\?\\pipe\\E:\\reactchallenge\\amazon-clone\\amazon-clone\\functions\\10020"}}
[debug] [2021-11-02T07:35:44.561Z] [worker-us-central1-api-5a92202b-214e-4fd0-af30-cf3022795802]: BUSY {"metadata":{"emulator":{"name":"functions"},"message":"[worker-us-central1-api-5a92202b-214e-4fd0-af30-cf3022795802]: BUSY"}}
[debug] [2021-11-02T07:35:44.912Z] [runtime-status] [10020] Functions runtime initialized. {"cwd":"E:\\reactchallenge\\amazon-clone\\amazon-clone\\functions","node_version":"14.18.0"} {"metadata":{"emulator":{"name":"functions"},"function":{"name":"us-central1-api"},"message":"[runtime-status] [10020] Functions runtime initialized. {\"cwd\":\"E:\\\\reactchallenge\\\\amazon-clone\\\\amazon-clone\\\\functions\",\"node_version\":\"14.18.0\"}"}}
[debug] [2021-11-02T07:35:44.916Z] [runtime-status] [10020] Disabled runtime features: undefined {"metadata":{"emulator":{"name":"functions"},"function":{"name":"us-central1-api"},"message":"[runtime-status] [10020] Disabled runtime features: undefined"}}
[debug] [2021-11-02T07:35:44.920Z] [runtime-status] [10020] Resolved module firebase-admin {"declared":true,"installed":true,"version":"9.11.0","resolution":"E:\\reactchallenge\\amazon-clone\\amazon-clone\\functions\\node_modules\\firebase-admin\\lib\\index.js"} {"metadata":{"emulator":{"name":"functions"},"function":{"name":"us-central1-api"},"message":"[runtime-status] [10020] Resolved module firebase-admin {\"declared\":true,\"installed\":true,\"version\":\"9.11.0\",\"resolution\":\"E:\\\\reactchallenge\\\\amazon-clone\\\\amazon-clone\\\\functions\\\\node_modules\\\\firebase-admin\\\\lib\\\\index.js\"}"}}
[debug] [2021-11-02T07:35:44.922Z] [runtime-status] [10020] Resolved module firebase-functions {"declared":true,"installed":true,"version":"3.14.1","resolution":"E:\\reactchallenge\\amazon-clone\\amazon-clone\\functions\\node_modules\\firebase-functions\\lib\\index.js"} {"metadata":{"emulator":{"name":"functions"},"function":{"name":"us-central1-api"},"message":"[runtime-status] [10020] Resolved module firebase-functions {\"declared\":true,\"installed\":true,\"version\":\"3.14.1\",\"resolution\":\"E:\\\\reactchallenge\\\\amazon-clone\\\\amazon-clone\\\\functions\\\\node_modules\\\\firebase-functions\\\\lib\\\\index.js\"}"}}
[debug] [2021-11-02T07:35:44.925Z] [runtime-status] [10020] Outgoing network have been stubbed. [{"name":"http","status":"mocked"},{"name":"http","status":"mocked"},{"name":"https","status":"mocked"},{"name":"https","status":"mocked"},{"name":"net","status":"mocked"}] {"metadata":{"emulator":{"name":"functions"},"function":{"name":"us-central1-api"},"message":"[runtime-status] [10020] Outgoing network have been stubbed. [{\"name\":\"http\",\"status\":\"mocked\"},{\"name\":\"http\",\"status\":\"mocked\"},{\"name\":\"https\",\"status\":\"mocked\"},{\"name\":\"https\",\"status\":\"mocked\"},{\"name\":\"net\",\"status\":\"mocked\"}]"}}
[debug] [2021-11-02T07:35:44.927Z] [runtime-status] [10020] Resolved module firebase-functions {"declared":true,"installed":true,"version":"3.14.1","resolution":"E:\\reactchallenge\\amazon-clone\\amazon-clone\\functions\\node_modules\\firebase-functions\\lib\\index.js"} {"metadata":{"emulator":{"name":"functions"},"function":{"name":"us-central1-api"},"message":"[runtime-status] [10020] Resolved module firebase-functions {\"declared\":true,\"installed\":true,\"version\":\"3.14.1\",\"resolution\":\"E:\\\\reactchallenge\\\\amazon-clone\\\\amazon-clone\\\\functions\\\\node_modules\\\\firebase-functions\\\\lib\\\\index.js\"}"}}
[debug] [2021-11-02T07:35:45.000Z] [runtime-status] [10020] Checked functions.config() {"config":{}} {"metadata":{"emulator":{"name":"functions"},"function":{"name":"us-central1-api"},"message":"[runtime-status] [10020] Checked functions.config() {\"config\":{}}"}}
[debug] [2021-11-02T07:35:45.001Z] [runtime-status] [10020] firebase-functions has been stubbed. {"functionsResolution":{"declared":true,"installed":true,"version":"3.14.1","resolution":"E:\\reactchallenge\\amazon-clone\\amazon-clone\\functions\\node_modules\\firebase-functions\\lib\\index.js"}} {"metadata":{"emulator":{"name":"functions"},"function":{"name":"us-central1-api"},"message":"[runtime-status] [10020] firebase-functions has been stubbed. {\"functionsResolution\":{\"declared\":true,\"installed\":true,\"version\":\"3.14.1\",\"resolution\":\"E:\\\\reactchallenge\\\\amazon-clone\\\\amazon-clone\\\\functions\\\\node_modules\\\\firebase-functions\\\\lib\\\\index.js\"}}"}}
[debug] [2021-11-02T07:35:45.001Z] [runtime-status] [10020] Resolved module firebase-functions {"declared":true,"installed":true,"version":"3.14.1","resolution":"E:\\reactchallenge\\amazon-clone\\amazon-clone\\functions\\node_modules\\firebase-functions\\lib\\index.js"} {"metadata":{"emulator":{"name":"functions"},"function":{"name":"us-central1-api"},"message":"[runtime-status] [10020] Resolved module firebase-functions {\"declared\":true,\"installed\":true,\"version\":\"3.14.1\",\"resolution\":\"E:\\\\reactchallenge\\\\amazon-clone\\\\amazon-clone\\\\functions\\\\node_modules\\\\firebase-functions\\\\lib\\\\index.js\"}"}}
[debug] [2021-11-02T07:35:45.003Z] [runtime-status] [10020] Resolved module firebase-admin {"declared":true,"installed":true,"version":"9.11.0","resolution":"E:\\reactchallenge\\amazon-clone\\amazon-clone\\functions\\node_modules\\firebase-admin\\lib\\index.js"} {"metadata":{"emulator":{"name":"functions"},"function":{"name":"us-central1-api"},"message":"[runtime-status] [10020] Resolved module firebase-admin {\"declared\":true,\"installed\":true,\"version\":\"9.11.0\",\"resolution\":\"E:\\\\reactchallenge\\\\amazon-clone\\\\amazon-clone\\\\functions\\\\node_modules\\\\firebase-admin\\\\lib\\\\index.js\"}"}}
[debug] [2021-11-02T07:35:45.004Z] [runtime-status] [10020] Resolved module firebase-functions {"declared":true,"installed":true,"version":"3.14.1","resolution":"E:\\reactchallenge\\amazon-clone\\amazon-clone\\functions\\node_modules\\firebase-functions\\lib\\index.js"} {"metadata":{"emulator":{"name":"functions"},"function":{"name":"us-central1-api"},"message":"[runtime-status] [10020] Resolved module firebase-functions {\"declared\":true,\"installed\":true,\"version\":\"3.14.1\",\"resolution\":\"E:\\\\reactchallenge\\\\amazon-clone\\\\amazon-clone\\\\functions\\\\node_modules\\\\firebase-functions\\\\lib\\\\index.js\"}"}}
[debug] [2021-11-02T07:35:45.004Z] [runtime-status] [10020] firebase-admin has been stubbed. {"adminResolution":{"declared":true,"installed":true,"version":"9.11.0","resolution":"E:\\reactchallenge\\amazon-clone\\amazon-clone\\functions\\node_modules\\firebase-admin\\lib\\index.js"}} {"metadata":{"emulator":{"name":"functions"},"function":{"name":"us-central1-api"},"message":"[runtime-status] [10020] firebase-admin has been stubbed. {\"adminResolution\":{\"declared\":true,\"installed\":true,\"version\":\"9.11.0\",\"resolution\":\"E:\\\\reactchallenge\\\\amazon-clone\\\\amazon-clone\\\\functions\\\\node_modules\\\\firebase-admin\\\\lib\\\\index.js\"}}"}}
[debug] [2021-11-02T07:35:45.280Z] [runtime-status] [10020] Trigger "us-central1-api" has been found, beginning invocation! {"metadata":{"emulator":{"name":"functions"},"function":{"name":"us-central1-api"},"message":"[runtime-status] [10020] Trigger \"us-central1-api\" has been found, beginning invocation!"}}
[info] i  functions: Beginning execution of "us-central1-api" {"metadata":{"emulator":{"name":"functions"},"function":{"name":"us-central1-api"},"message":"Beginning execution of \"us-central1-api\""}}
[debug] [2021-11-02T07:35:45.287Z] [runtime-status] [10020] triggerDefinition {"httpsTrigger":{},"name":"api","entryPoint":"api","regions":["us-central1"],"region":"us-central1","id":"us-central1-api"} {"metadata":{"emulator":{"name":"functions"},"function":{"name":"us-central1-api"},"message":"[runtime-status] [10020] triggerDefinition {\"httpsTrigger\":{},\"name\":\"api\",\"entryPoint\":\"api\",\"regions\":[\"us-central1\"],\"region\":\"us-central1\",\"id\":\"us-central1-api\"}"}}
[debug] [2021-11-02T07:35:45.288Z] [runtime-status] [10020] Running us-central1-api in signature http {"metadata":{"emulator":{"name":"functions"},"function":{"name":"us-central1-api"},"message":"[runtime-status] [10020] Running us-central1-api in signature http"}}
[debug] [2021-11-02T07:35:45.294Z] [runtime-status] [10020] Attempting to listen to socketPath: \\?\pipe\E:\reactchallenge\amazon-clone\amazon-clone\functions\10020 {"metadata":{"emulator":{"name":"functions"},"function":{"name":"us-central1-api"},"message":"[runtime-status] [10020] Attempting to listen to socketPath: \\\\?\\pipe\\E:\\reactchallenge\\amazon-clone\\amazon-clone\\functions\\10020"}}
[debug] [2021-11-02T07:35:45.299Z] [functions] Runtime ready! Sending request! {"metadata":{"emulator":{"name":"functions"},"message":"[functions] Runtime ready! Sending request!"}}
[debug] [2021-11-02T07:35:45.302Z] [functions] Got req.url=/challenge-c1516/us-central1/api/payments/create?total=25096, mapping to path=/payments/create?total=25096 {"metadata":{"emulator":{"name":"functions"},"message":"[functions] Got req.url=/challenge-c1516/us-central1/api/payments/create?total=25096, mapping to path=/payments/create?total=25096"}}
[debug] [2021-11-02T07:35:45.323Z] [runtime-status] [10020] Ephemeral server handling POST request {"metadata":{"emulator":{"name":"functions"},"function":{"name":"us-central1-api"},"message":"[runtime-status] [10020] Ephemeral server handling POST request"}}
[info] >  Payment Request Recieved BOOM!!! for this amount >>> 25096 {"user":"Payment Request Recieved BOOM!!! for this amount >>> 25096","metadata":{"emulator":{"name":"functions"},"function":{"name":"us-central1-api"},"message":"\u001b[90m> \u001b[39m Payment Request Recieved BOOM!!! for this amount >>> 25096"}}
[debug] [2021-11-02T07:35:45.347Z] [runtime-status] [10020] Ephemeral server survived. {"metadata":{"emulator":{"name":"functions"},"function":{"name":"us-central1-api"},"message":"[runtime-status] [10020] Ephemeral server survived."}}
[info] i  functions: Finished "us-central1-api" in ~1s {"metadata":{"emulator":{"name":"functions"},"function":{"name":"us-central1-api"},"message":"Finished \"us-central1-api\" in ~1s"}}
[debug] [2021-11-02T07:35:46.183Z] [worker-us-central1-api-5a92202b-214e-4fd0-af30-cf3022795802]: IDLE {"metadata":{"emulator":{"name":"functions"},"message":"[worker-us-central1-api-5a92202b-214e-4fd0-af30-cf3022795802]: IDLE"}}
[debug] [2021-11-02T07:35:46.186Z] [work-queue] {"queueLength":0,"workRunningCount":0}
[debug] [2021-11-02T07:35:58.416Z] [work-queue] {"queueLength":1,"workRunningCount":0}
[debug] [2021-11-02T07:35:58.417Z] [work-queue] {"queueLength":0,"workRunningCount":1}
[debug] [2021-11-02T07:35:58.417Z] Accepted request POST /challenge-c1516/us-central1/api/payments/create?total=0 --> us-central1-api
[debug] [2021-11-02T07:35:58.418Z] [worker-pool] submitWork(triggerId=us-central1-api) {"metadata":{"emulator":{"name":"functions"},"message":"[worker-pool] submitWork(triggerId=us-central1-api)"}}
[debug] [2021-11-02T07:35:58.419Z] [worker-us-central1-api-5a92202b-214e-4fd0-af30-cf3022795802]: Assigning socketPath: \\?\pipe\E:\reactchallenge\amazon-clone\amazon-clone\functions\10020 {"metadata":{"emulator":{"name":"functions"},"message":"[worker-us-central1-api-5a92202b-214e-4fd0-af30-cf3022795802]: Assigning socketPath: \\\\?\\pipe\\E:\\reactchallenge\\amazon-clone\\amazon-clone\\functions\\10020"}}
[debug] [2021-11-02T07:35:58.419Z] [worker-us-central1-api-5a92202b-214e-4fd0-af30-cf3022795802]: BUSY {"metadata":{"emulator":{"name":"functions"},"message":"[worker-us-central1-api-5a92202b-214e-4fd0-af30-cf3022795802]: BUSY"}}
[debug] [2021-11-02T07:35:58.421Z] [runtime-status] [10020] Trigger "us-central1-api" has been found, beginning invocation! {"metadata":{"emulator":{"name":"functions"},"function":{"name":"us-central1-api"},"message":"[runtime-status] [10020] Trigger \"us-central1-api\" has been found, beginning invocation!"}}
[info] i  functions: Beginning execution of "us-central1-api" {"metadata":{"emulator":{"name":"functions"},"function":{"name":"us-central1-api"},"message":"Beginning execution of \"us-central1-api\""}}
[debug] [2021-11-02T07:35:58.423Z] [runtime-status] [10020] triggerDefinition {"httpsTrigger":{},"name":"api","entryPoint":"api","regions":["us-central1"],"region":"us-central1","id":"us-central1-api"} {"metadata":{"emulator":{"name":"functions"},"function":{"name":"us-central1-api"},"message":"[runtime-status] [10020] triggerDefinition {\"httpsTrigger\":{},\"name\":\"api\",\"entryPoint\":\"api\",\"regions\":[\"us-central1\"],\"region\":\"us-central1\",\"id\":\"us-central1-api\"}"}}
[debug] [2021-11-02T07:35:58.423Z] [runtime-status] [10020] Running us-central1-api in signature http {"metadata":{"emulator":{"name":"functions"},"function":{"name":"us-central1-api"},"message":"[runtime-status] [10020] Running us-central1-api in signature http"}}
[debug] [2021-11-02T07:35:58.424Z] [runtime-status] [10020] Attempting to listen to socketPath: \\?\pipe\E:\reactchallenge\amazon-clone\amazon-clone\functions\10020 {"metadata":{"emulator":{"name":"functions"},"function":{"name":"us-central1-api"},"message":"[runtime-status] [10020] Attempting to listen to socketPath: \\\\?\\pipe\\E:\\reactchallenge\\amazon-clone\\amazon-clone\\functions\\10020"}}
[debug] [2021-11-02T07:35:58.425Z] [functions] Runtime ready! Sending request! {"metadata":{"emulator":{"name":"functions"},"message":"[functions] Runtime ready! Sending request!"}}
[debug] [2021-11-02T07:35:58.426Z] [functions] Got req.url=/challenge-c1516/us-central1/api/payments/create?total=0, mapping to path=/payments/create?total=0 {"metadata":{"emulator":{"name":"functions"},"message":"[functions] Got req.url=/challenge-c1516/us-central1/api/payments/create?total=0, mapping to path=/payments/create?total=0"}}
[debug] [2021-11-02T07:35:58.430Z] [runtime-status] [10020] Ephemeral server handling POST request {"metadata":{"emulator":{"name":"functions"},"function":{"name":"us-central1-api"},"message":"[runtime-status] [10020] Ephemeral server handling POST request"}}
[info] >  Payment Request Recieved BOOM!!! for this amount >>> 0 {"user":"Payment Request Recieved BOOM!!! for this amount >>> 0","metadata":{"emulator":{"name":"functions"},"function":{"name":"us-central1-api"},"message":"\u001b[90m> \u001b[39m Payment Request Recieved BOOM!!! for this amount >>> 0"}}
[debug] [2021-11-02T07:35:58.436Z] [runtime-status] [10020] Ephemeral server survived. {"metadata":{"emulator":{"name":"functions"},"function":{"name":"us-central1-api"},"message":"[runtime-status] [10020] Ephemeral server survived."}}
[info] >  (node:10020) UnhandledPromiseRejectionWarning: Error: This value must be greater than or equal to 1. {"user":"(node:10020) UnhandledPromiseRejectionWarning: Error: This value must be greater than or equal to 1.","metadata":{"emulator":{"name":"functions"},"function":{"name":"us-central1-api"},"message":"\u001b[90m> \u001b[39m (node:10020) UnhandledPromiseRejectionWarning: Error: This value must be greater than or equal to 1."}}
[info] >      at Function.generate (E:\reactchallenge\amazon-clone\amazon-clone\functions\node_modules\stripe\lib\Error.js:40:16) {"user":"    at Function.generate (E:\\reactchallenge\\amazon-clone\\amazon-clone\\functions\\node_modules\\stripe\\lib\\Error.js:40:16)","metadata":{"emulator":{"name":"functions"},"function":{"name":"us-central1-api"},"message":"\u001b[90m> \u001b[39m     at Function.generate (E:\\reactchallenge\\amazon-clone\\amazon-clone\\functions\\node_modules\\stripe\\lib\\Error.js:40:16)"}}
[info] >      at IncomingMessage.<anonymous> (E:\reactchallenge\amazon-clone\amazon-clone\functions\node_modules\stripe\lib\StripeResource.js:203:33) {"user":"    at IncomingMessage.<anonymous> (E:\\reactchallenge\\amazon-clone\\amazon-clone\\functions\\node_modules\\stripe\\lib\\StripeResource.js:203:33)","metadata":{"emulator":{"name":"functions"},"function":{"name":"us-central1-api"},"message":"\u001b[90m> \u001b[39m     at IncomingMessage.<anonymous> (E:\\reactchallenge\\amazon-clone\\amazon-clone\\functions\\node_modules\\stripe\\lib\\StripeResource.js:203:33)"}}
[info] >      at Object.onceWrapper (events.js:519:28) {"user":"    at Object.onceWrapper (events.js:519:28)","metadata":{"emulator":{"name":"functions"},"function":{"name":"us-central1-api"},"message":"\u001b[90m> \u001b[39m     at Object.onceWrapper (events.js:519:28)"}}
[info] >      at IncomingMessage.emit (events.js:412:35) {"user":"    at IncomingMessage.emit (events.js:412:35)","metadata":{"emulator":{"name":"functions"},"function":{"name":"us-central1-api"},"message":"\u001b[90m> \u001b[39m     at IncomingMessage.emit (events.js:412:35)"}}
[info] >      at endReadableNT (internal/streams/readable.js:1334:12) {"user":"    at endReadableNT (internal/streams/readable.js:1334:12)","metadata":{"emulator":{"name":"functions"},"function":{"name":"us-central1-api"},"message":"\u001b[90m> \u001b[39m     at endReadableNT (internal/streams/readable.js:1334:12)"}}
[info] >      at processTicksAndRejections (internal/process/task_queues.js:82:21) {"user":"    at processTicksAndRejections (internal/process/task_queues.js:82:21)","metadata":{"emulator":{"name":"functions"},"function":{"name":"us-central1-api"},"message":"\u001b[90m> \u001b[39m     at processTicksAndRejections (internal/process/task_queues.js:82:21)"}}
[info] >  (Use `node --trace-warnings ...` to show where the warning was created) {"user":"(Use `node --trace-warnings ...` to show where the warning was created)","metadata":{"emulator":{"name":"functions"},"function":{"name":"us-central1-api"},"message":"\u001b[90m> \u001b[39m (Use `node --trace-warnings ...` to show where the warning was created)"}}
[info] >  (node:10020) UnhandledPromiseRejectionWarning: Unhandled promise rejection. This error originated either by throwing inside of an async function without a catch block, or by rejecting a promise which was not handled with .catch(). To terminate the node process on unhandled promise rejection, use the CLI flag `--unhandled-rejections=strict` (see https://nodejs.org/api/cli.html#cli_unhandled_rejections_mode). (rejection id: 1) {"user":"(node:10020) UnhandledPromiseRejectionWarning: Unhandled promise rejection. This error originated either by throwing inside of an async function without a catch block, or by rejecting a promise which was not handled with .catch(). To terminate the node process on unhandled promise rejection, use the CLI flag `--unhandled-rejections=strict` (see https://nodejs.org/api/cli.html#cli_unhandled_rejections_mode). (rejection id: 1)","metadata":{"emulator":{"name":"functions"},"function":{"name":"us-central1-api"},"message":"\u001b[90m> \u001b[39m (node:10020) UnhandledPromiseRejectionWarning: Unhandled promise rejection. This error originated either by throwing inside of an async function without a catch block, or by rejecting a promise which was not handled with .catch(). To terminate the node process on unhandled promise rejection, use the CLI flag `--unhandled-rejections=strict` (see https://nodejs.org/api/cli.html#cli_unhandled_rejections_mode). (rejection id: 1)"}}
[info] >  (node:10020) [DEP0018] DeprecationWarning: Unhandled promise rejections are deprecated. In the future, promise rejections that are not handled will terminate the Node.js process with a non-zero exit code. {"user":"(node:10020) [DEP0018] DeprecationWarning: Unhandled promise rejections are deprecated. In the future, promise rejections that are not handled will terminate the Node.js process with a non-zero exit code.","metadata":{"emulator":{"name":"functions"},"function":{"name":"us-central1-api"},"message":"\u001b[90m> \u001b[39m (node:10020) [DEP0018] DeprecationWarning: Unhandled promise rejections are deprecated. In the future, promise rejections that are not handled will terminate the Node.js process with a non-zero exit code."}}
[warn] !  functions: Your function timed out after ~60s. To configure this timeout, see
      https://firebase.google.com/docs/functions/manage-functions#set_timeout_and_memory_allocation. {"metadata":{"emulator":{"name":"functions"},"function":{"name":"us-central1-api"},"message":"Your function timed out after ~60s. To configure this timeout, see\n      https://firebase.google.com/docs/functions/manage-functions#set_timeout_and_memory_allocation."}}
[info] >  C:\Users\LENOVO\AppData\Roaming\npm\node_modules\firebase-tools\lib\emulator\functionsEmulatorRuntime.js:582 {"user":"C:\\Users\\LENOVO\\AppData\\Roaming\\npm\\node_modules\\firebase-tools\\lib\\emulator\\functionsEmulatorRuntime.js:582\r","metadata":{"emulator":{"name":"functions"},"function":{"name":"us-central1-api"},"message":"\u001b[90m> \u001b[39m C:\\Users\\LENOVO\\AppData\\Roaming\\npm\\node_modules\\firebase-tools\\lib\\emulator\\functionsEmulatorRuntime.js:582\r"}}
[info] >              throw new Error("Function timed out."); {"user":"            throw new Error(\"Function timed out.\");\r","metadata":{"emulator":{"name":"functions"},"function":{"name":"us-central1-api"},"message":"\u001b[90m> \u001b[39m             throw new Error(\"Function timed out.\");\r"}}
[info] >              ^ {"user":"            ^\r","metadata":{"emulator":{"name":"functions"},"function":{"name":"us-central1-api"},"message":"\u001b[90m> \u001b[39m             ^\r"}}
[info] >   {"user":"\r","metadata":{"emulator":{"name":"functions"},"function":{"name":"us-central1-api"},"message":"\u001b[90m> \u001b[39m \r"}}
[info] >  Error: Function timed out. {"user":"Error: Function timed out.\r","metadata":{"emulator":{"name":"functions"},"function":{"name":"us-central1-api"},"message":"\u001b[90m> \u001b[39m Error: Function timed out.\r"}}
[info] >      at Timeout._onTimeout (C:\Users\LENOVO\AppData\Roaming\npm\node_modules\firebase-tools\lib\emulator\functionsEmulatorRuntime.js:582:19) {"user":"    at Timeout._onTimeout (C:\\Users\\LENOVO\\AppData\\Roaming\\npm\\node_modules\\firebase-tools\\lib\\emulator\\functionsEmulatorRuntime.js:582:19)\r","metadata":{"emulator":{"name":"functions"},"function":{"name":"us-central1-api"},"message":"\u001b[90m> \u001b[39m     at Timeout._onTimeout (C:\\Users\\LENOVO\\AppData\\Roaming\\npm\\node_modules\\firebase-tools\\lib\\emulator\\functionsEmulatorRuntime.js:582:19)\r"}}
[info] >      at listOnTimeout (internal/timers.js:557:17) {"user":"    at listOnTimeout (internal/timers.js:557:17)\r","metadata":{"emulator":{"name":"functions"},"function":{"name":"us-central1-api"},"message":"\u001b[90m> \u001b[39m     at listOnTimeout (internal/timers.js:557:17)\r"}}
[info] >      at processTimers (internal/timers.js:500:7) {"user":"    at processTimers (internal/timers.js:500:7)\r","metadata":{"emulator":{"name":"functions"},"function":{"name":"us-central1-api"},"message":"\u001b[90m> \u001b[39m     at processTimers (internal/timers.js:500:7)\r"}}
[debug] [2021-11-02T07:36:58.487Z] [worker-us-central1-api-5a92202b-214e-4fd0-af30-cf3022795802]: exited {"metadata":{"emulator":{"name":"functions"},"message":"[worker-us-central1-api-5a92202b-214e-4fd0-af30-cf3022795802]: exited"}}
[debug] [2021-11-02T07:36:58.487Z] [worker-us-central1-api-5a92202b-214e-4fd0-af30-cf3022795802]: FINISHED {"metadata":{"emulator":{"name":"functions"},"message":"[worker-us-central1-api-5a92202b-214e-4fd0-af30-cf3022795802]: FINISHED"}}
[debug] [2021-11-02T07:36:58.488Z] [work-queue] {"queueLength":0,"workRunningCount":0}
[debug] [2021-11-02T08:32:52.173Z] Received signal SIGHUP 1
